{"G:\\wamp64\\www\\personal\\src\\components\\individuals\\button.js": {"path":"G:\\wamp64\\www\\personal\\src\\components\\individuals\\button.js","statementMap":{"0":{"start":{"line":2,"column":15},"end":{"line":15,"column":5}},"1":{"start":{"line":9,"column":4},"end":{"line":14,"column":5}}},"fnMap":{"0":{"name":"(anonymous_0)","decl":{"start":{"line":2,"column":15},"end":{"line":2,"column":16}},"loc":{"start":{"line":2,"column":24},"end":{"line":15,"column":5}},"line":2}},"branchMap":{},"s":{"0":1,"1":0},"f":{"0":0},"b":{},"_coverageSchema":"1a1c01bbd47fc00a2c39e90264f33305004495a9","hash":"57add38051ec6470e7cc7e453ab5a15e0d107c6f"}
,"G:\\wamp64\\www\\personal\\src\\components\\layout\\form.js": {"path":"G:\\wamp64\\www\\personal\\src\\components\\layout\\form.js","statementMap":{"0":{"start":{"line":6,"column":17},"end":{"line":111,"column":1}},"1":{"start":{"line":14,"column":30},"end":{"line":14,"column":45}},"2":{"start":{"line":15,"column":35},"end":{"line":15,"column":47}},"3":{"start":{"line":16,"column":28},"end":{"line":16,"column":43}},"4":{"start":{"line":17,"column":30},"end":{"line":17,"column":45}},"5":{"start":{"line":18,"column":28},"end":{"line":18,"column":40}},"6":{"start":{"line":19,"column":38},"end":{"line":23,"column":2}},"7":{"start":{"line":25,"column":4},"end":{"line":28,"column":8}},"8":{"start":{"line":25,"column":33},"end":{"line":28,"column":5}},"9":{"start":{"line":31,"column":20},"end":{"line":71,"column":1}},"10":{"start":{"line":33,"column":4},"end":{"line":33,"column":23}},"11":{"start":{"line":34,"column":4},"end":{"line":36,"column":5}},"12":{"start":{"line":35,"column":8},"end":{"line":35,"column":53}},"13":{"start":{"line":37,"column":4},"end":{"line":37,"column":21}},"14":{"start":{"line":38,"column":4},"end":{"line":70,"column":6}},"15":{"start":{"line":54,"column":8},"end":{"line":54,"column":26}},"16":{"start":{"line":55,"column":8},"end":{"line":55,"column":27}},"17":{"start":{"line":56,"column":8},"end":{"line":56,"column":78}},"18":{"start":{"line":57,"column":8},"end":{"line":57,"column":62}},"19":{"start":{"line":60,"column":8},"end":{"line":60,"column":93}},"20":{"start":{"line":63,"column":7},"end":{"line":63,"column":43}},"21":{"start":{"line":64,"column":8},"end":{"line":68,"column":10}},"22":{"start":{"line":73,"column":4},"end":{"line":109,"column":5}}},"fnMap":{"0":{"name":"(anonymous_0)","decl":{"start":{"line":6,"column":17},"end":{"line":6,"column":18}},"loc":{"start":{"line":6,"column":26},"end":{"line":111,"column":1}},"line":6},"1":{"name":"handleStateChange","decl":{"start":{"line":24,"column":9},"end":{"line":24,"column":26}},"loc":{"start":{"line":24,"column":29},"end":{"line":29,"column":1}},"line":24},"2":{"name":"(anonymous_2)","decl":{"start":{"line":25,"column":19},"end":{"line":25,"column":20}},"loc":{"start":{"line":25,"column":33},"end":{"line":28,"column":5}},"line":25},"3":{"name":"(anonymous_3)","decl":{"start":{"line":31,"column":20},"end":{"line":31,"column":21}},"loc":{"start":{"line":31,"column":31},"end":{"line":71,"column":1}},"line":31},"4":{"name":"(anonymous_4)","decl":{"start":{"line":53,"column":11},"end":{"line":53,"column":12}},"loc":{"start":{"line":53,"column":18},"end":{"line":61,"column":5}},"line":53},"5":{"name":"(anonymous_5)","decl":{"start":{"line":62,"column":10},"end":{"line":62,"column":11}},"loc":{"start":{"line":62,"column":14},"end":{"line":70,"column":5}},"line":62}},"branchMap":{"0":{"loc":{"start":{"line":34,"column":4},"end":{"line":36,"column":5}},"type":"if","locations":[{"start":{"line":34,"column":4},"end":{"line":36,"column":5}},{"start":{},"end":{}}],"line":34},"1":{"loc":{"start":{"line":34,"column":8},"end":{"line":34,"column":59}},"type":"binary-expr","locations":[{"start":{"line":34,"column":8},"end":{"line":34,"column":31}},{"start":{"line":34,"column":34},"end":{"line":34,"column":59}}],"line":34},"2":{"loc":{"start":{"line":56,"column":8},"end":{"line":56,"column":77}},"type":"cond-expr","locations":[{"start":{"line":56,"column":29},"end":{"line":56,"column":50}},{"start":{"line":56,"column":53},"end":{"line":56,"column":77}}],"line":56},"3":{"loc":{"start":{"line":57,"column":8},"end":{"line":57,"column":61}},"type":"cond-expr","locations":[{"start":{"line":57,"column":29},"end":{"line":57,"column":43}},{"start":{"line":57,"column":46},"end":{"line":57,"column":61}}],"line":57},"4":{"loc":{"start":{"line":60,"column":8},"end":{"line":60,"column":92}},"type":"cond-expr","locations":[{"start":{"line":60,"column":24},"end":{"line":60,"column":59}},{"start":{"line":60,"column":60},"end":{"line":60,"column":92}}],"line":60},"5":{"loc":{"start":{"line":80,"column":13},"end":{"line":82,"column":26}},"type":"cond-expr","locations":[{"start":{"line":80,"column":24},"end":{"line":82,"column":12}},{"start":{"line":82,"column":14},"end":{"line":82,"column":26}}],"line":80},"6":{"loc":{"start":{"line":85,"column":9},"end":{"line":85,"column":89}},"type":"cond-expr","locations":[{"start":{"line":85,"column":21},"end":{"line":85,"column":74}},{"start":{"line":85,"column":76},"end":{"line":85,"column":89}}],"line":85}},"s":{"0":1,"1":0,"2":0,"3":0,"4":0,"5":0,"6":0,"7":0,"8":0,"9":0,"10":0,"11":0,"12":0,"13":0,"14":0,"15":0,"16":0,"17":0,"18":0,"19":0,"20":0,"21":0,"22":0},"f":{"0":0,"1":0,"2":0,"3":0,"4":0,"5":0},"b":{"0":[0,0],"1":[0,0],"2":[0,0],"3":[0,0],"4":[0,0],"5":[0,0],"6":[0,0]},"_coverageSchema":"1a1c01bbd47fc00a2c39e90264f33305004495a9","hash":"52f54d2b00a6b5e39efe608a132ca1ec8f6faafd"}
}
